<?xml version="1.0" encoding="UTF-8"?>
<!-- Generated by org.testng.reporters.JUnitReportReporter -->
<testsuite hostname="wingman-ThinkPad-T14-Gen-3" failures="0" tests="1" name="uitesting.AttendanceTest" time="0.003" errors="0" timestamp="2024-09-24T20:08:25 IST" skipped="0">
  <testcase classname="uitesting.AttendanceTest" name="testSuccessfulLogin" time="0.003"/>
  <system-out/>
</testsuite> <!-- uitesting.AttendanceTest -->
