<?xml version="1.0" encoding="UTF-8"?>
<!-- Generated by org.testng.reporters.JUnitReportReporter -->
<testsuite hostname="wingman-ThinkPad-T14-Gen-3" failures="0" tests="1" name="uitesting.LoginPageTest" time="3.310" errors="0" timestamp="2024-11-17T21:57:22 IST" skipped="0">
  <testcase classname="uitesting.LoginPageTest" name="INVENTORY" time="3.310"/>
  <system-out/>
</testsuite> <!-- uitesting.LoginPageTest -->
